Arguments: 
  /usr/local/bin/node /usr/local/bin/yarn add body-parse

PATH: 
  /Library/Frameworks/Python.framework/Versions/3.6/bin:/Library/Frameworks/Python.framework/Versions/3.6/bin:/usr/local/bin:/usr/bin:/bin:/usr/sbin:/sbin:/usr/local/aria2/bin:/Library/Frameworks/Python.framework/Versions/3.6/bin

Yarn version: 
  1.6.0

Node version: 
  8.9.3

Platform: 
  darwin x64

Trace: 
  Error: https://registry.yarnpkg.com/body-parse: Not found
      at Request.params.callback [as _callback] (/usr/local/lib/node_modules/yarn/lib/cli.js:65327:18)
      at Request.self.callback (/usr/local/lib/node_modules/yarn/lib/cli.js:133155:22)
      at emitTwo (events.js:126:13)
      at Request.emit (events.js:214:7)
      at Request.<anonymous> (/usr/local/lib/node_modules/yarn/lib/cli.js:134138:10)
      at emitOne (events.js:116:13)
      at Request.emit (events.js:211:7)
      at IncomingMessage.<anonymous> (/usr/local/lib/node_modules/yarn/lib/cli.js:134058:12)
      at Object.onceWrapper (events.js:313:30)
      at emitNone (events.js:111:20)

npm manifest: 
  {
    "name"       : "reduxlogin",
    "version"    : "1.0.0",
    "description": "",
    "main"       : "index.js",
    "scripts"    : {
      "test" : "echo \"Error: no test specified\" && exit 1",
      "start": "nodemon --watch server --exec babel-node -- server/index.js"
    },
    "keywords"    : [],
    "author"      : "",
    "license"     : "ISC",
    "dependencies": {
      "express": "^4.16.3"
    },
    "devDependencies": {
      "babel-cli"       : "^6.26.0",
      "babel-preset-env": "^1.6.1",
      "nodemon"         : "^1.17.3"
    }
  }

yarn manifest: 
  No manifest

Lockfile: 
  # THIS IS AN AUTOGENERATED FILE. DO NOT EDIT THIS FILE DIRECTLY.
  # yarn lockfile v1
  
  
  redux-thunk@^2.2.0:
    version "2.2.0"
    resolved "https://registry.yarnpkg.com/redux-thunk/-/redux-thunk-2.2.0.tgz#e615a16e16b47a19a515766133d1e3e99b7852e5"
